Performing C SOURCE FILE Test CMAKE_HAVE_LIBC_PTHREAD failed with the following output:
Change Dir: /home/bulletmys/CLionProjects/techpatk-cpp-dz1/cmake-build-debug/CMakeFiles/CMakeTmp

Run Build Command(s):/usr/bin/make cmTC_31383/fast && /usr/bin/make -f CMakeFiles/cmTC_31383.dir/build.make CMakeFiles/cmTC_31383.dir/build
make[1]: вход в каталог «/home/bulletmys/CLionProjects/techpatk-cpp-dz1/cmake-build-debug/CMakeFiles/CMakeTmp»
Building C object CMakeFiles/cmTC_31383.dir/src.c.o
/usr/bin/cc   -DCMAKE_HAVE_LIBC_PTHREAD   -o CMakeFiles/cmTC_31383.dir/src.c.o   -c /home/bulletmys/CLionProjects/techpatk-cpp-dz1/cmake-build-debug/CMakeFiles/CMakeTmp/src.c
Linking C executable cmTC_31383
/home/bulletmys/Документы/clion-2019.2.3/bin/cmake/linux/bin/cmake -E cmake_link_script CMakeFiles/cmTC_31383.dir/link.txt --verbose=1
/usr/bin/cc  -DCMAKE_HAVE_LIBC_PTHREAD    -rdynamic CMakeFiles/cmTC_31383.dir/src.c.o  -o cmTC_31383 
CMakeFiles/cmTC_31383.dir/src.c.o: In function `main':
src.c:(.text+0x3e): undefined reference to `pthread_create'
src.c:(.text+0x4a): undefined reference to `pthread_detach'
src.c:(.text+0x5b): undefined reference to `pthread_join'
src.c:(.text+0x6f): undefined reference to `pthread_atfork'
collect2: error: ld returned 1 exit status
CMakeFiles/cmTC_31383.dir/build.make:86: recipe for target 'cmTC_31383' failed
make[1]: *** [cmTC_31383] Error 1
make[1]: выход из каталога «/home/bulletmys/CLionProjects/techpatk-cpp-dz1/cmake-build-debug/CMakeFiles/CMakeTmp»
Makefile:121: recipe for target 'cmTC_31383/fast' failed
make: *** [cmTC_31383/fast] Error 2


Source file was:
#include <pthread.h>

void* test_func(void* data)
{
  return data;
}

int main(void)
{
  pthread_t thread;
  pthread_create(&thread, NULL, test_func, NULL);
  pthread_detach(thread);
  pthread_join(thread, NULL);
  pthread_atfork(NULL, NULL, NULL);
  pthread_exit(NULL);

  return 0;
}

Determining if the function pthread_create exists in the pthreads failed with the following output:
Change Dir: /home/bulletmys/CLionProjects/techpatk-cpp-dz1/cmake-build-debug/CMakeFiles/CMakeTmp

Run Build Command(s):/usr/bin/make cmTC_d1f54/fast && /usr/bin/make -f CMakeFiles/cmTC_d1f54.dir/build.make CMakeFiles/cmTC_d1f54.dir/build
make[1]: вход в каталог «/home/bulletmys/CLionProjects/techpatk-cpp-dz1/cmake-build-debug/CMakeFiles/CMakeTmp»
Building C object CMakeFiles/cmTC_d1f54.dir/CheckFunctionExists.c.o
/usr/bin/cc   -DCHECK_FUNCTION_EXISTS=pthread_create   -o CMakeFiles/cmTC_d1f54.dir/CheckFunctionExists.c.o   -c /home/bulletmys/Документы/clion-2019.2.3/bin/cmake/linux/share/cmake-3.15/Modules/CheckFunctionExists.c
Linking C executable cmTC_d1f54
/home/bulletmys/Документы/clion-2019.2.3/bin/cmake/linux/bin/cmake -E cmake_link_script CMakeFiles/cmTC_d1f54.dir/link.txt --verbose=1
/usr/bin/cc  -DCHECK_FUNCTION_EXISTS=pthread_create    -rdynamic CMakeFiles/cmTC_d1f54.dir/CheckFunctionExists.c.o  -o cmTC_d1f54 -lpthreads 
/usr/bin/ld: cannot find -lpthreads
collect2: error: ld returned 1 exit status
CMakeFiles/cmTC_d1f54.dir/build.make:86: recipe for target 'cmTC_d1f54' failed
make[1]: *** [cmTC_d1f54] Error 1
make[1]: выход из каталога «/home/bulletmys/CLionProjects/techpatk-cpp-dz1/cmake-build-debug/CMakeFiles/CMakeTmp»
Makefile:121: recipe for target 'cmTC_d1f54/fast' failed
make: *** [cmTC_d1f54/fast] Error 2



